Build started 3/24/2014 11:19:12 PM.
     1>Project "C:\Users\Kenny\Dropbox\417 Programs\BetterDia\AintPaint\AintPaint.vcxproj" on node 2 (Build target(s)).
     1>ClCompile:
         C:\Program Files (x86)\Microsoft Visual Studio 12.0\VC\bin\CL.exe /c /ZI /nologo /W3 /WX- /Od /Oy- /D WIN32 /D _WINDOWS /D _DEBUG /D _UNICODE /D UNICODE /D _AFXDLL /Gm /EHsc /RTC1 /MDd /GS /fp:precise /Zc:wchar_t /Zc:forScope /Yu"stdafx.h" /Fp"Debug\AintPaint.pch" /Fo"Debug\\" /Fd"Debug\vc120.pdb" /Gd /TP /analyze- /errorReport:prompt SquareTool.cpp
         SquareTool.cpp
       Link:
         C:\Program Files (x86)\Microsoft Visual Studio 12.0\VC\bin\link.exe /ERRORREPORT:PROMPT /OUT:"C:\Users\Kenny\Dropbox\417 Programs\BetterDia\Debug\AintPaint.exe" /INCREMENTAL /NOLOGO /MANIFEST /MANIFESTUAC:"level='asInvoker' uiAccess='false'" /manifest:embed /manifestinput:"C:\Program Files (x86)\Microsoft Visual Studio 12.0\VC\Include\Manifest\dpiaware.manifest" /DEBUG /PDB:"C:\Users\Kenny\Dropbox\417 Programs\BetterDia\Debug\AintPaint.pdb" /SUBSYSTEM:WINDOWS /TLBID:1 /ENTRY:"wWinMainCRTStartup" /DYNAMICBASE /NXCOMPAT /IMPLIB:"C:\Users\Kenny\Dropbox\417 Programs\BetterDia\Debug\AintPaint.lib" /MACHINE:X86 Debug\AintPaint.res
         Debug\AintPaint.obj
         Debug\AintPaintDlg.obj
         Debug\Canvas.obj
         Debug\ClassBoxDrawing.obj
         Debug\CursorTool.obj
         Debug\Drawing.obj
         Debug\LineDrawing.obj
         Debug\LineTool.obj
         Debug\Log.obj
         Debug\PolyLineDrawing.obj
         Debug\PolyLineTool.obj
         Debug\RectDrawing.obj
         Debug\RectTool.obj
         Debug\SquareDrawing.obj
         Debug\SquareTool.obj
         Debug\stdafx.obj
         Debug\Tool.obj
         AintPaint.vcxproj -> C:\Users\Kenny\Dropbox\417 Programs\BetterDia\Debug\AintPaint.exe
     1>Done Building Project "C:\Users\Kenny\Dropbox\417 Programs\BetterDia\AintPaint\AintPaint.vcxproj" (Build target(s)).

Build succeeded.

Time Elapsed 00:00:01.97
